============================= test session starts ==============================
platform darwin -- Python 3.14.6, pytest-9.0.2, pluggy-1.6.0
rootdir: /Users/chris/projects/portal-5
configfile: pyproject.toml
plugins: anyio-4.12.1, xdist-3.8.0, asyncio-1.3.0, cov-7.0.0
asyncio: mode=Mode.AUTO, debug=False, asyncio_default_fixture_loop_scope=None, asyncio_default_test_loop_scope=function
collected 51 items

portal/modules/security/tests/test_council_agreement.py ................ [ 31%]
                                                                         [ 31%]
portal/modules/security/tests/test_drift_gate.py ...................     [ 68%]
portal/modules/security/tests/test_blue_orchestrate_toolleg.py ......... [ 86%]
.......                                                                  [100%]

============================== 51 passed in 0.88s ==============================
